\BOOKMARK [1][-]{section.1}{Einf\374hrung \(Alex\)}{}% 1
\BOOKMARK [2][-]{subsection.1.1}{Motivation, Kontext und Gegenstand}{section.1}% 2
\BOOKMARK [3][-]{subsubsection.1.1.1}{Motivation}{subsection.1.1}% 3
\BOOKMARK [3][-]{subsubsection.1.1.2}{Kontext und Gegenstand}{subsection.1.1}% 4
\BOOKMARK [2][-]{subsection.1.2}{Ziele}{section.1}% 5
\BOOKMARK [3][-]{subsubsection.1.2.1}{Zentrale Fragestellung}{subsection.1.2}% 6
\BOOKMARK [3][-]{subsubsection.1.2.2}{Hypothesen, Unterforschungsfragen ?}{subsection.1.2}% 7
\BOOKMARK [2][-]{subsection.1.3}{Vorgehensweise}{section.1}% 8
\BOOKMARK [2][-]{subsection.1.4}{Gliederung}{section.1}% 9
\BOOKMARK [1][-]{section.2}{Darstellung des bisherigen Zulassungsverfahrens}{}% 10
\BOOKMARK [2][-]{subsection.2.1}{Zulassungsverfahren in der Europ\344ischen Union \(Evelyn\)}{section.2}% 11
\BOOKMARK [3][-]{subsubsection.2.1.1}{F\374r medizinische Ger\344te ohne K\374nstliche Intelligenz}{subsection.2.1}% 12
\BOOKMARK [3][-]{subsubsection.2.1.2}{F\374r medizinische Ger\344te mit K\374nstlicher Intelligenz}{subsection.2.1}% 13
\BOOKMARK [2][-]{subsection.2.2}{Zulassungsverfahren in den US \(Alex\)}{section.2}% 14
\BOOKMARK [3][-]{subsubsection.2.2.1}{F\374r medizinische Ger\344te ohne K\374nstliche Intelligenz}{subsection.2.2}% 15
\BOOKMARK [3][-]{subsubsection.2.2.2}{F\374r medizinische Ger\344te mit K\374nstlicher Intelligenz}{subsection.2.2}% 16
\BOOKMARK [1][-]{section.3}{Kriterien f\374r die Zulassung von medizinischen Produkten mit KI \(Evelyn\)}{}% 17
\BOOKMARK [2][-]{subsection.3.1}{Medizin Produkte mit KI in der heutigen Medizin \(Miriam\)}{section.3}% 18
\BOOKMARK [2][-]{subsection.3.2}{Vorteile von KI f\374r den Patienten \(Miriam\)}{section.3}% 19
\BOOKMARK [2][-]{subsection.3.3}{Grenzen von KI in der Medizin \(Miriam\)}{section.3}% 20
\BOOKMARK [1][-]{section.4}{Fazit \(Miriam\)}{}% 21
\BOOKMARK [2][-]{subsection.4.1}{Zusammenfassung der Ergebnisse}{section.4}% 22
\BOOKMARK [2][-]{subsection.4.2}{Bewertung der Ergebnisse}{section.4}% 23
\BOOKMARK [2][-]{subsection.4.3}{L\366sungsans\344tze zur Zulassung von KI}{section.4}% 24
\BOOKMARK [2][-]{subsection.4.4}{M\366gliche Alternativen f\374r die optimale Verwendung der KI}{section.4}% 25
\BOOKMARK [1][-]{section*.2}{Literatur}{}% 26
